<?xml version="1.0" encoding="UTF-8"?>
<!--

    Copyright (C) 2003-2011 eXo Platform SAS.

    This program is free software: you can redistribute it and/or modify
    it under the terms of the GNU Affero General Public License as published by
    the Free Software Foundation, either version 3 of the License, or
    (at your option) any later version.

    This program is distributed in the hope that it will be useful,
    but WITHOUT ANY WARRANTY; without even the implied warranty of
    MERCHANTABILITY or FITNESS FOR A PARTICULAR PURPOSE.  See the
    GNU Affero General Public License for more details.

    You should have received a copy of the GNU Affero General Public License
    along with this program. If not, see <http://www.gnu.org/licenses/>.

-->
<configuration
   xmlns:xsi="http://www.w3.org/2001/XMLSchema-instance"
   xsi:schemaLocation="http://www.exoplatform.org/xml/ns/kernel_1_2.xsd http://www.exoplatform.org/xml/ns/kernel_1_2.xsd"
   xmlns="http://www.exoplatform.org/xml/ns/kernel_1_2.xsd">

  <component>
    <key>org.exoplatform.calendar.service.DataStorage</key>
    <type>org.exoplatform.calendar.service.impl.JCRDataStorage</type>
  </component>

  <component>
    <key>org.exoplatform.services.resources.LocaleConfigService</key>
    <type>org.exoplatform.services.resources.impl.LocaleConfigServiceImpl</type>
    <init-params>
      <value-param>
        <name>locale.config.file</name>
        <value>jar:/conf/portal/locales-config.xml</value>
      </value-param>
    </init-params>
  </component>

  <component>
    <key>org.exoplatform.services.resources.ResourceBundleService</key>
    <type>org.exoplatform.services.resources.impl.SimpleResourceBundleService</type>
    <init-params>
      <values-param>
        <name>classpath.resources</name>
        <description>The resources that start with the following package name should be load from file system
        </description>
        <value>locale.portlet</value>
      </values-param>

      <values-param>
        <name>init.resources</name>
        <description>Store the following resources into the db for the first launch</description>
        <value>locale.test.resources.test</value>
      </values-param>

      <values-param>
        <name>portal.resource.names</name>
        <description>The properties files of the portal , those file will be merged
          into one ResourceBundle properties
        </description>
        <value>local.portal.portal</value>
        <value>local.portal.custom</value>
      </values-param>
    </init-params>
  </component>

  <component>
    <key>org.exoplatform.calendar.service.CalendarService</key>
    <type>org.exoplatform.calendar.service.impl.CalendarServiceImpl</type>
    <init-params>
      <value-param>
        <name>defaultEventCategories</name>
        <value>Birthday,Memo,Wedding,DayOff</value><!-- Multi value, use coma (,) to split values-->
        <!-- The event category's name will be get from resource bundle by key "UICalendars.label." + defaultEventCategory's value. 
             If the key does not exist, the defaultEventCategory's value will be used to display. 
             Sample: 
                If the value is "defaultEventCategoryIdMeeting" then the resource bundle key is "UICalendars.label.defaultEventCategoryIdMeeting". 
                  The value of this key is "Meeting", so "Meeting" will be display as default event category.
                If the value is "Not exist key", because this key doesn't exist in resource bundle then 
                  "Not exist key" will be display as default event category.
        -->
      </value-param>
      <!--Params for default calendar setting-->
      <value-param>
       <name>viewType</name><!-- default view type -->
       <value>1</value><!-- DAY_VIEW = "0" ; WEEK_VIEW = "1" ; MONTH_VIEW = "2" ; YEAR_VIEW = "3" ; LIST_VIEW = "4" ; SCHEDULE_VIEW = "5" ; WORKING_VIEW = "6" ;-->
      </value-param>
      
      <value-param>
       <name>weekStartOn</name><!-- default start day of the week -->
       <value>2</value><!--SUNDAY = "1" ; MONDAY = "2" ; TUESDAY = "3" ; WEDNESDAY = "4" ; THURSDAY = "5" ; FRIDAY = "6" ;SATURDAY = "7" ;-->
      </value-param>
      
      <value-param>
       <name>dateFormat</name>
       <value>MM/dd/yyyy</value>
      </value-param>
      
      <value-param>
       <name>timeFormat</name>
       <value>HH:mm</value> <!-- HH:mm/hh:mm a -->
      </value-param>
      
       <value-param>
       <name>baseUrlForRss</name><!-- base url for rss -->
       <value>philippe</value><!-- default value is <serverBaseUrl>/calendar/iCalRss  -->
      </value-param>
      
       <value-param>
       <name>isShowWorkingTime</name><!-- show working time, area out of working time is darkened in the calendar view-->
       <value>false</value><!-- boolean true/false -->
      </value-param>
      
       <value-param>
       <name>workingTimeBegin</name><!-- begin time of working day -->
       <value>08:00</value>
      </value-param>
      
       <value-param>
         <name>workingTimeEnd</name><!-- end time of working day -->
         <value>18:00</value>
      </value-param>
      
      <values-param>
        <name>ignoredUsers</name>
        <description>Definition users to ignore create default calendar</description>
        <!-- 
        <value>demo</value> 
        <value>marry</value>
         -->
      </values-param>
      <properties-param>
        <name>eventNumber.info</name>
        <property name="eventNumber" value="100" />
      </properties-param>
    </init-params>
  </component>
  
  <component>
    <key>org.exoplatform.calendar.service.ExtendedCalendarService</key>
    <type>org.exoplatform.calendar.service.impl.ExtendedCalendarServiceImpl</type>
  </component>

  <component>
    <key>org.exoplatform.calendar.service.impl.CalendarSearchServiceConnector</key>
    <type>org.exoplatform.calendar.service.impl.CalendarSearchServiceConnector</type>
    <init-params>
      <properties-param>
        <name>constructor.params</name>
        <property name="searchType" value="Calendar" />
        <property name="displayName" value="JCR Query" />
      </properties-param>
    </init-params>
  </component>

  <component>
    <key>org.exoplatform.calendar.service.impl.EventSearchConnector</key>
    <type>org.exoplatform.calendar.service.impl.EventSearchConnector</type>
    <init-params>
      <properties-param>
        <name>constructor.params</name>
        <property name="searchType" value="Event" />
        <property name="displayName" value="JCR Query" />
      </properties-param>
    </init-params>
  </component>
  <external-component-plugins>
    <target-component>org.exoplatform.calendar.service.ExtendedCalendarService</target-component>
    <component-plugin>
      <name>addJCRStorage</name>
      <set-method>addDataStore</set-method>
      <type>org.exoplatform.calendar.storage.jcr.JCRStorage</type>
    </component-plugin>
  </external-component-plugins>

  <external-component-plugins>
    <target-component>org.exoplatform.calendar.service.ExtendedCalendarService</target-component>
    <component-plugin>
      <name>calendar.storage.mock</name>
      <set-method>addDataStore</set-method>
      <type>org.exoplatform.calendar.service.MockStorage</type>
      <description>A mock storage</description>
    </component-plugin>
  </external-component-plugins>

  <external-component-plugins>
    <target-component>org.exoplatform.services.jcr.RepositoryService</target-component>
    <component-plugin>
      <name>add.nodeType</name>
      <set-method>addPlugin</set-method>
      <type>org.exoplatform.services.jcr.impl.AddNodeTypePlugin</type>
      <init-params>
        <values-param>
          <name>autoCreatedInNewRepository</name>
          <description>Node types configuration file</description>
          <value>jar:/conf/calendar-nodetypes.xml</value>
        </values-param>
      </init-params>
    </component-plugin>
  </external-component-plugins>
</configuration>
