
<nodeTypes xmlns:nt="http://www.jcp.org/jcr/nt/1.0" xmlns:mix="http://www.jcp.org/jcr/mix/1.0" xmlns:jcr="http://www.jcp.org/jcr/1.0">
    <nodeType  name="exo:reminder" isMixin="false" hasOrderableChildNodes="false" primaryItemName="">
      <supertypes>
        <supertype>nt:base</supertype>
      </supertypes>
      <propertyDefinitions>
        <propertyDefinition name="exo:id" requiredType="String" autoCreated="false" mandatory="false" onParentVersion="COPY" protected="false" multiple="false">
          <valueConstraints/>
        </propertyDefinition>        
        <propertyDefinition name="exo:eventId" requiredType="String" autoCreated="false" mandatory="false" onParentVersion="COPY" protected="false" multiple="false">
          <valueConstraints/>
        </propertyDefinition>
      <propertyDefinition name="exo:creator" requiredType="String" autoCreated="false" mandatory="false" onParentVersion="COPY" protected="false" multiple="false">
          <valueConstraints/>
        </propertyDefinition>
        <propertyDefinition name="exo:alarmBefore" requiredType="Long" autoCreated="false" mandatory="false" onParentVersion="COPY" protected="false" multiple="false">
          <valueConstraints/>
        </propertyDefinition>
        <propertyDefinition name="exo:email" requiredType="String" autoCreated="false" mandatory="false" onParentVersion="COPY" protected="false" multiple="false">
          <valueConstraints/>
        </propertyDefinition>
        <propertyDefinition name="exo:timeInterval" requiredType="Long" autoCreated="false" mandatory="false" onParentVersion="COPY" protected="false" multiple="false">
          <valueConstraints/>
        </propertyDefinition>        
        <propertyDefinition name="exo:reminderType" requiredType="String" autoCreated="false" mandatory="false" onParentVersion="COPY" protected="false" multiple="false">
          <valueConstraints/>
        </propertyDefinition>
        <propertyDefinition name="exo:fromDateTime" requiredType="Date" autoCreated="false" mandatory="false" onParentVersion="COPY" protected="false" multiple="false">
          <valueConstraints/>
        </propertyDefinition>
        <propertyDefinition name="exo:remindDateTime" requiredType="Date" autoCreated="false" mandatory="false" onParentVersion="COPY" protected="false" multiple="false">
          <valueConstraints/>
        </propertyDefinition>                
        <propertyDefinition name="exo:isRepeat" requiredType="Boolean" autoCreated="false" mandatory="false" onParentVersion="COPY" protected="false" multiple="false">
          <valueConstraints/>
        </propertyDefinition>
        <propertyDefinition name="exo:isOver" requiredType="Boolean" autoCreated="false" mandatory="false" onParentVersion="COPY" protected="false" multiple="false">
          <valueConstraints/>
        </propertyDefinition>
        <propertyDefinition name="exo:summary" requiredType="String" autoCreated="false" mandatory="false" onParentVersion="COPY" protected="false" multiple="false">
          <valueConstraints/>
        </propertyDefinition>
        <propertyDefinition name="exo:description" requiredType="String" autoCreated="false" mandatory="false" onParentVersion="COPY" protected="false" multiple="false">
          <valueConstraints/>
        </propertyDefinition>
      </propertyDefinitions>  
    </nodeType>  
    <nodeType  name="exo:eventAttachment" isMixin="false" hasOrderableChildNodes="false" primaryItemName="">
      <supertypes>
        <supertype>nt:file</supertype>
      </supertypes>
      <propertyDefinitions>
        <propertyDefinition name="exo:fileName" requiredType="String" autoCreated="false" mandatory="false" onParentVersion="COPY" protected="false" multiple="false">
          <valueConstraints/>
        </propertyDefinition>        
      </propertyDefinitions>  
    </nodeType>    
    <nodeType  name="exo:calendarEvent" isMixin="false" hasOrderableChildNodes="false" primaryItemName="">
      <supertypes>
        <supertype>nt:base</supertype>
      </supertypes>
      <propertyDefinitions>
        <propertyDefinition name="exo:id" requiredType="String" autoCreated="false" mandatory="false" onParentVersion="COPY" protected="false" multiple="false">
          <valueConstraints/>
        </propertyDefinition>
        <propertyDefinition name="exo:eventType" requiredType="String" autoCreated="false" mandatory="false" onParentVersion="COPY" protected="false" multiple="false">
          <valueConstraints/>
        </propertyDefinition>              
        <propertyDefinition name="exo:summary" requiredType="String" autoCreated="false" mandatory="false" onParentVersion="COPY" protected="false" multiple="false">
          <valueConstraints/>
        </propertyDefinition>  
        <propertyDefinition name="exo:location" requiredType="String" autoCreated="false" mandatory="false" onParentVersion="COPY" protected="false" multiple="false">
          <valueConstraints/>
        </propertyDefinition>  
        <propertyDefinition name="exo:taskDelegator" requiredType="String" autoCreated="false" mandatory="false" onParentVersion="COPY" protected="false" multiple="false">
          <valueConstraints/>
        </propertyDefinition>  
        <propertyDefinition name="exo:description" requiredType="String" autoCreated="false" mandatory="false" onParentVersion="COPY" protected="false" multiple="false">
          <valueConstraints/>
        </propertyDefinition>        
        <propertyDefinition name="exo:eventCategoryId" requiredType="String" autoCreated="false" mandatory="false" onParentVersion="COPY" protected="false" multiple="false">
          <valueConstraints/>
        </propertyDefinition>    
        <propertyDefinition name="exo:eventCategoryName" requiredType="String" autoCreated="false" mandatory="false" onParentVersion="COPY" protected="false" multiple="false">
          <valueConstraints/>
        </propertyDefinition>          
        <propertyDefinition name="exo:calendarId" requiredType="String" autoCreated="false" mandatory="false" onParentVersion="COPY" protected="false" multiple="false">
          <valueConstraints/>
        </propertyDefinition>        
        <propertyDefinition name="exo:fromDateTime" requiredType="Date" autoCreated="false" mandatory="false" onParentVersion="COPY" protected="false" multiple="false">
          <valueConstraints/>
        </propertyDefinition>        
        <propertyDefinition name="exo:toDateTime" requiredType="Date" autoCreated="false" mandatory="false" onParentVersion="COPY" protected="false" multiple="false">
          <valueConstraints/>
        </propertyDefinition>  
        <propertyDefinition name="exo:priority" requiredType="String" autoCreated="false" mandatory="false" onParentVersion="COPY" protected="false" multiple="false">
          <valueConstraints/>
        </propertyDefinition>
        <propertyDefinition name="exo:isPrivate" requiredType="Boolean" autoCreated="false" mandatory="false" onParentVersion="COPY" protected="false" multiple="false">
          <valueConstraints/>
        </propertyDefinition>
        <propertyDefinition name="exo:eventState" requiredType="String" autoCreated="false" mandatory="false" onParentVersion="COPY" protected="false" multiple="false">
          <valueConstraints/>
        </propertyDefinition>
        <propertyDefinition name="exo:invitation" requiredType="String" autoCreated="false" mandatory="false" onParentVersion="COPY" protected="false" multiple="true">
          <valueConstraints/>
        </propertyDefinition>
        <propertyDefinition name="exo:participant" requiredType="String" autoCreated="false" mandatory="false" onParentVersion="COPY" protected="false" multiple="true">
          <valueConstraints/>
        </propertyDefinition>
        <propertyDefinition name="exo:participantStatus" requiredType="String" autoCreated="false" mandatory="false" onParentVersion="COPY" protected="false" multiple="true">
          <valueConstraints/>
        </propertyDefinition>
        <propertyDefinition name="exo:message" requiredType="String" autoCreated="false" mandatory="false" onParentVersion="COPY" protected="false" multiple="false">
          <valueConstraints/>
        </propertyDefinition>
        <propertyDefinition name="exo:properties" requiredType="String" autoCreated="false" mandatory="false" onParentVersion="COPY" protected="false" multiple="false">
          <valueConstraints/>
        </propertyDefinition>
        <propertyDefinition name="exo:repeat" requiredType="String" autoCreated="false" mandatory="false" onParentVersion="COPY" protected="false" multiple="false">
          <valueConstraints/>
        </propertyDefinition>
        <propertyDefinition name="exo:sendOption" requiredType="String" autoCreated="false" mandatory="false" onParentVersion="COPY" protected="false" multiple="false">
          <valueConstraints/>
        </propertyDefinition>
      </propertyDefinitions>
      <childNodeDefinitions>
        <childNodeDefinition name="*" defaultPrimaryType="" autoCreated="false" mandatory="false"
          onParentVersion="COPY" protected="false" sameNameSiblings="false">
          <requiredPrimaryTypes>
            <requiredPrimaryType>nt:unstructured</requiredPrimaryType>
          </requiredPrimaryTypes>
        </childNodeDefinition>        
      </childNodeDefinitions>
      </nodeType>
      <nodeType  name="exo:calendarPublicEvent" isMixin="false" hasOrderableChildNodes="false" primaryItemName="">
      <supertypes>
        <supertype>nt:base</supertype>
      </supertypes>
      <propertyDefinitions>
        <propertyDefinition name="exo:id" requiredType="String" autoCreated="false" mandatory="false" onParentVersion="COPY" protected="false" multiple="false">
          <valueConstraints/>
        </propertyDefinition>
        <propertyDefinition name="exo:eventType" requiredType="String" autoCreated="false" mandatory="false" onParentVersion="COPY" protected="false" multiple="false">
          <valueConstraints/>
        </propertyDefinition>              
        <propertyDefinition name="exo:calendarId" requiredType="String" autoCreated="false" mandatory="false" onParentVersion="COPY" protected="false" multiple="false">
          <valueConstraints/>
        </propertyDefinition>        
        <propertyDefinition name="exo:rootEventId" requiredType="String" autoCreated="false" mandatory="false" onParentVersion="COPY" protected="false" multiple="false">
          <valueConstraints/>
        </propertyDefinition>        
        <propertyDefinition name="exo:fromDateTime" requiredType="Date" autoCreated="false" mandatory="false" onParentVersion="COPY" protected="false" multiple="false">
          <valueConstraints/>
        </propertyDefinition>        
        <propertyDefinition name="exo:toDateTime" requiredType="Date" autoCreated="false" mandatory="false" onParentVersion="COPY" protected="false" multiple="false">
          <valueConstraints/>
        </propertyDefinition>  
        <propertyDefinition name="exo:participant" requiredType="String" autoCreated="false" mandatory="false" onParentVersion="COPY" protected="false" multiple="true">
          <valueConstraints/>
        </propertyDefinition>      
        <propertyDefinition name="exo:eventState" requiredType="String" autoCreated="false" mandatory="false" onParentVersion="COPY" protected="false" multiple="false">
          <valueConstraints/>
        </propertyDefinition>        
      </propertyDefinitions>      
      </nodeType>
    <nodeType  name="exo:eventCategory" isMixin="false" hasOrderableChildNodes="false" primaryItemName="">
      <supertypes>
        <supertype>nt:base</supertype>
      </supertypes>
      <propertyDefinitions>
      <propertyDefinition name="exo:id" requiredType="String" autoCreated="false" mandatory="false" onParentVersion="COPY" protected="false" multiple="false">
          <valueConstraints/>
        </propertyDefinition>
        <propertyDefinition name="exo:name" requiredType="String" autoCreated="false" mandatory="false" onParentVersion="COPY" protected="false" multiple="false">
          <valueConstraints/>
        </propertyDefinition>        
        <propertyDefinition name="exo:description" requiredType="String" autoCreated="false" mandatory="false" onParentVersion="COPY" protected="false" multiple="false">
          <valueConstraints/>
        </propertyDefinition>        
      </propertyDefinitions>
      <childNodeDefinitions>
        <childNodeDefinition name="*" defaultPrimaryType="" autoCreated="false" mandatory="false"
          onParentVersion="COPY" protected="false" sameNameSiblings="false">
          <requiredPrimaryTypes>
            <requiredPrimaryType>exo:calendarEvent</requiredPrimaryType>
          </requiredPrimaryTypes>
        </childNodeDefinition>
      </childNodeDefinitions>
      </nodeType>
      
    <nodeType  name="exo:calendar" isMixin="false" hasOrderableChildNodes="false" primaryItemName="">
      <supertypes>
        <supertype>nt:base</supertype>
      </supertypes>
      <propertyDefinitions>
        <propertyDefinition name="exo:id" requiredType="String" autoCreated="false" mandatory="false" onParentVersion="COPY" protected="false" multiple="false">
          <valueConstraints/>
        </propertyDefinition>        
        <propertyDefinition name="exo:name" requiredType="String" autoCreated="false" mandatory="false" onParentVersion="COPY" protected="false" multiple="false">
          <valueConstraints/>
        </propertyDefinition>        
        <propertyDefinition name="exo:description" requiredType="String" autoCreated="false" mandatory="false" onParentVersion="COPY" protected="false" multiple="false">
          <valueConstraints/>
        </propertyDefinition>        
        <propertyDefinition name="exo:viewPermissions" requiredType="String" autoCreated="false" mandatory="false" onParentVersion="COPY" protected="false" multiple="true">
          <valueConstraints/>
        </propertyDefinition>          
        <propertyDefinition name="exo:editPermissions" requiredType="String" autoCreated="false" mandatory="false" onParentVersion="COPY" protected="false" multiple="true">
          <valueConstraints/>
        </propertyDefinition>          
        <propertyDefinition name="exo:groups" requiredType="String" autoCreated="false" mandatory="false" onParentVersion="COPY" protected="false" multiple="true">
          <valueConstraints/>
        </propertyDefinition>
        <propertyDefinition name="exo:categoryId" requiredType="String" autoCreated="false" mandatory="false" onParentVersion="COPY" protected="false" multiple="false">
          <valueConstraints/>
        </propertyDefinition>  
        <propertyDefinition name="exo:calendarColor" requiredType="String" autoCreated="false" mandatory="false" onParentVersion="COPY" protected="false" multiple="false">
          <valueConstraints/>
        </propertyDefinition>  
        <propertyDefinition name="exo:calendarOwner" requiredType="String" autoCreated="false" mandatory="false" onParentVersion="COPY" protected="false" multiple="false">
          <valueConstraints/>
        </propertyDefinition>  
        <propertyDefinition name="exo:locale" requiredType="String" autoCreated="false" mandatory="false" onParentVersion="COPY" protected="false" multiple="false">
          <valueConstraints/>
        </propertyDefinition>    
        <propertyDefinition name="exo:timeZone" requiredType="String" autoCreated="false" mandatory="false" onParentVersion="COPY" protected="false" multiple="false">
          <valueConstraints/>
        </propertyDefinition>    
        <!-- added from cs 2.0.0 Beta01 -->
        <propertyDefinition name="exo:publicUrl" requiredType="String" autoCreated="false" mandatory="false" onParentVersion="COPY" protected="false" multiple="false">
          <valueConstraints/>
        </propertyDefinition>  
        <propertyDefinition name="exo:privateUrl" requiredType="String" autoCreated="false" mandatory="false" onParentVersion="COPY" protected="false" multiple="false">
          <valueConstraints/>
        </propertyDefinition>          
                
      </propertyDefinitions>
      <childNodeDefinitions>
        <childNodeDefinition name="*" defaultPrimaryType="" autoCreated="false" mandatory="false"
          onParentVersion="COPY" protected="false" sameNameSiblings="true">
          <requiredPrimaryTypes>
            <requiredPrimaryType>exo:calendarEvent</requiredPrimaryType>
          </requiredPrimaryTypes>
        </childNodeDefinition>
      </childNodeDefinitions>
      </nodeType> 
    
    <nodeType  name="exo:calendarCategory" isMixin="false" hasOrderableChildNodes="false" primaryItemName="">
      <supertypes>
        <supertype>nt:base</supertype>
      </supertypes>
      <propertyDefinitions>
        <propertyDefinition name="exo:id" requiredType="String" autoCreated="false" mandatory="false" onParentVersion="COPY" protected="false" multiple="false">
          <valueConstraints/>
        </propertyDefinition>        
        <propertyDefinition name="exo:name" requiredType="String" autoCreated="false" mandatory="false" onParentVersion="COPY" protected="false" multiple="false">
          <valueConstraints/>
        </propertyDefinition>        
        <propertyDefinition name="exo:description" requiredType="String" autoCreated="false" mandatory="false" onParentVersion="COPY" protected="false" multiple="false">
          <valueConstraints/>
        </propertyDefinition>    
        <propertyDefinition name="exo:calendarIds" requiredType="String" autoCreated="false" mandatory="false" onParentVersion="COPY" protected="false" multiple="true">
          <valueConstraints/>
        </propertyDefinition>              
      </propertyDefinitions>
      </nodeType>
      
      <nodeType  name="exo:iCalData" isMixin="false" hasOrderableChildNodes="false" primaryItemName="">
      <supertypes>
        <supertype>nt:base</supertype>
      </supertypes>
      <propertyDefinitions>
        <propertyDefinition name="exo:data" requiredType="Binary" autoCreated="false" mandatory="false" onParentVersion="COPY" protected="false" multiple="false">
          <valueConstraints/>
        </propertyDefinition>        
      </propertyDefinitions>
      </nodeType>
      
      <nodeType  name="exo:rssData" isMixin="false" hasOrderableChildNodes="false" primaryItemName="">
      <supertypes>
        <supertype>nt:base</supertype>
      </supertypes>
      <propertyDefinitions>
        <propertyDefinition name="exo:baseUrl" requiredType="String" autoCreated="false" mandatory="false" onParentVersion="COPY" protected="false" multiple="false">
          <valueConstraints/>
        </propertyDefinition>        
        <propertyDefinition name="exo:title" requiredType="String" autoCreated="false" mandatory="false" onParentVersion="COPY" protected="false" multiple="false">
          <valueConstraints/>
        </propertyDefinition>        
        <propertyDefinition name="exo:content" requiredType="Binary" autoCreated="false" mandatory="false" onParentVersion="COPY" protected="false" multiple="false">
          <valueConstraints/>
        </propertyDefinition>        
      </propertyDefinitions>
      </nodeType>
      
      <nodeType  name="exo:calendarSetting" isMixin="false" hasOrderableChildNodes="false" primaryItemName="">
      <supertypes>
        <supertype>nt:base</supertype>
      </supertypes>
      <propertyDefinitions>
        <propertyDefinition name="exo:viewType" requiredType="String" autoCreated="false" mandatory="false" onParentVersion="COPY" protected="false" multiple="false">
          <valueConstraints/>
        </propertyDefinition>        
        <propertyDefinition name="exo:timeInterval" requiredType="Long" autoCreated="false" mandatory="false" onParentVersion="COPY" protected="false" multiple="false">
          <valueConstraints/>
        </propertyDefinition>        
        <propertyDefinition name="exo:weekStartOn" requiredType="String" autoCreated="false" mandatory="false" onParentVersion="COPY" protected="false" multiple="false">
          <valueConstraints/>
        </propertyDefinition>    
        <propertyDefinition name="exo:dateFormat" requiredType="String" autoCreated="false" mandatory="false" onParentVersion="COPY" protected="false" multiple="false">
          <valueConstraints/>
        </propertyDefinition>              
        <propertyDefinition name="exo:timeFormat" requiredType="String" autoCreated="false" mandatory="false" onParentVersion="COPY" protected="false" multiple="false">
          <valueConstraints/>
        </propertyDefinition>              
        <propertyDefinition name="exo:location" requiredType="String" autoCreated="false" mandatory="false" onParentVersion="COPY" protected="false" multiple="false">
          <valueConstraints/>
        </propertyDefinition>
        <propertyDefinition name="exo:timeZone" requiredType="String" autoCreated="false" mandatory="false" onParentVersion="COPY" protected="false" multiple="false">
          <valueConstraints/>
        </propertyDefinition>
        <propertyDefinition name="exo:showWorkingTime" requiredType="Boolean" autoCreated="false" mandatory="false" onParentVersion="COPY" protected="false" multiple="false">
          <valueConstraints/>
        </propertyDefinition>
        <propertyDefinition name="exo:workingTimeBegin" requiredType="String" autoCreated="false" mandatory="false" onParentVersion="COPY" protected="false" multiple="false">
          <valueConstraints/>
        </propertyDefinition>
        <propertyDefinition name="exo:workingTimeEnd" requiredType="String" autoCreated="false" mandatory="false" onParentVersion="COPY" protected="false" multiple="false">
          <valueConstraints/>
        </propertyDefinition>
        <propertyDefinition name="exo:baseUrl" requiredType="String" autoCreated="false" mandatory="false" onParentVersion="COPY" protected="false" multiple="false">
          <valueConstraints/>
        </propertyDefinition>              
        <propertyDefinition name="exo:defaultPrivateCalendars" requiredType="String" autoCreated="false" mandatory="false" onParentVersion="COPY" protected="false" multiple="true">
          <valueConstraints/>
        </propertyDefinition>              
        <propertyDefinition name="exo:defaultPublicCalendars" requiredType="String" autoCreated="false" mandatory="false" onParentVersion="COPY" protected="false" multiple="true">
          <valueConstraints/>
        </propertyDefinition>   
        <propertyDefinition name="exo:defaultSharedCalendars" requiredType="String" autoCreated="false" mandatory="false" onParentVersion="COPY" protected="false" multiple="true">
          <valueConstraints/>
        </propertyDefinition>   
        <propertyDefinition name="exo:sharedCalendarsColors" requiredType="String" autoCreated="false" mandatory="false" onParentVersion="COPY" protected="false" multiple="true">
          <valueConstraints/>
        </propertyDefinition>
        <propertyDefinition name="exo:sendOption" requiredType="String" autoCreated="false" mandatory="false" onParentVersion="COPY" protected="false" multiple="false">
          <valueConstraints/>
        </propertyDefinition>      
      </propertyDefinitions>
      </nodeType>
      <nodeType name="exo:calendarShared" isMixin="true" hasOrderableChildNodes="false" primaryItemName="">
      <propertyDefinitions>
        <propertyDefinition name="exo:sharedId" requiredType="Reference" autoCreated="false" mandatory="true"
          onParentVersion="COPY" protected="false" multiple="true">
          <valueConstraints/>
        </propertyDefinition>        
      </propertyDefinitions>
    </nodeType>    
    
    <nodeType name="exo:datetime" isMixin="true" hasOrderableChildNodes="false" primaryItemName="">
      <propertyDefinitions>
        <propertyDefinition name="exo:dateCreated" requiredType="Date" autoCreated="true" mandatory="false"
          onParentVersion="COPY" protected="false" multiple="false">
          <valueConstraints/>        
        </propertyDefinition>
        <propertyDefinition name="exo:dateModified" requiredType="Date" autoCreated="true" mandatory="false"
          onParentVersion="COPY" protected="false" multiple="false">
          <valueConstraints/>        
        </propertyDefinition>
      </propertyDefinitions>
     </nodeType>
    <nodeType name="exo:remoteCalendar" isMixin="true" hasOrderableChildNodes="false" primaryItemName="">
      <propertyDefinitions>
        <propertyDefinition name="exo:remoteUrl" requiredType="String" autoCreated="false" mandatory="true"
          onParentVersion="COPY" protected="false" multiple="false">
          <valueConstraints/>
        </propertyDefinition> 
        <propertyDefinition name="exo:remoteType" requiredType="String" autoCreated="false" mandatory="true"
          onParentVersion="COPY" protected="false" multiple="false">
          <valueConstraints/>
        </propertyDefinition>
        <propertyDefinition name="exo:username" requiredType="String" autoCreated="false" mandatory="false"
          onParentVersion="COPY" protected="false" multiple="false">
          <valueConstraints/>
        </propertyDefinition>
        <propertyDefinition name="exo:password" requiredType="String" autoCreated="false" mandatory="false"
          onParentVersion="COPY" protected="false" multiple="false">
          <valueConstraints/>
        </propertyDefinition>
        <propertyDefinition name="exo:syncPeriod" requiredType="String" autoCreated="false" mandatory="false"
          onParentVersion="COPY" protected="false" multiple="false">
          <valueConstraints/>
        </propertyDefinition>  
        <propertyDefinition name="exo:lastUpdated" requiredType="Date" autoCreated="false" mandatory="false"
          onParentVersion="COPY" protected="false" multiple="false">
          <valueConstraints/>
        </propertyDefinition>
        <propertyDefinition name="exo:beforeDate" requiredType="String" autoCreated="false" mandatory="false"
          onParentVersion="COPY" protected="false" multiple="false">
          <valueConstraints/>
        </propertyDefinition>       
        <propertyDefinition name="exo:afterDate" requiredType="String" autoCreated="false" mandatory="false"
          onParentVersion="COPY" protected="false" multiple="false">
          <valueConstraints/>
        </propertyDefinition>       
      </propertyDefinitions>
    </nodeType>   
    <nodeType name="exo:caldavCalendarEvent" isMixin="true" hasOrderableChildNodes="false" primaryItemName="">
      <propertyDefinitions>
        <propertyDefinition name="exo:caldavHref" requiredType="String" autoCreated="false" mandatory="false"
          onParentVersion="COPY" protected="false" multiple="false">
          <valueConstraints/>
        </propertyDefinition> 
        <propertyDefinition name="exo:caldavEtag" requiredType="String" autoCreated="false" mandatory="false"
          onParentVersion="COPY" protected="false" multiple="false">
          <valueConstraints/>
        </propertyDefinition>      
      </propertyDefinitions>
    </nodeType>     
    <nodeType name="exo:repeatCalendarEvent" isMixin="true" hasOrderableChildNodes="false" primaryItemName="">
      <propertyDefinitions>
        <propertyDefinition name="exo:repeatCount" requiredType="Long" autoCreated="false" mandatory="false"
          onParentVersion="COPY" protected="false" multiple="false">
          <valueConstraints/>
        </propertyDefinition> 
        <propertyDefinition name="exo:repeatUntil" requiredType="Date" autoCreated="false" mandatory="false"
          onParentVersion="COPY" protected="false" multiple="false">
          <valueConstraints/>
        </propertyDefinition>
        <propertyDefinition name="exo:repeatInterval" requiredType="Long" autoCreated="false" mandatory="false"
          onParentVersion="COPY" protected="false" multiple="false">
          <valueConstraints/>
        </propertyDefinition>       
        <propertyDefinition name="exo:repeatByDay" requiredType="String" autoCreated="false" mandatory="false"
          onParentVersion="COPY" protected="false" multiple="true">
          <valueConstraints/>
        </propertyDefinition>
        <propertyDefinition name="exo:repeatByMonthDay" requiredType="Long" autoCreated="false" mandatory="false"
          onParentVersion="COPY" protected="false" multiple="true">
          <valueConstraints/>
        </propertyDefinition>
        <propertyDefinition name="exo:repeatByYearDay" requiredType="Long" autoCreated="false" mandatory="false"
          onParentVersion="COPY" protected="false" multiple="true">
          <valueConstraints/>
        </propertyDefinition>
        <propertyDefinition name="exo:repeatByWeekNo" requiredType="Long" autoCreated="false" mandatory="false"
          onParentVersion="COPY" protected="false" multiple="true">
          <valueConstraints/>
        </propertyDefinition>
        <propertyDefinition name="exo:repeatByMonth" requiredType="Long" autoCreated="false" mandatory="false"
          onParentVersion="COPY" protected="false" multiple="true">
          <valueConstraints/>
        </propertyDefinition>
        <propertyDefinition name="exo:repeatBySetPos" requiredType="Long" autoCreated="false" mandatory="false"
          onParentVersion="COPY" protected="false" multiple="true">
          <valueConstraints/>
        </propertyDefinition>
        <propertyDefinition name="exo:repeatWkst" requiredType="String" autoCreated="false" mandatory="false"
          onParentVersion="COPY" protected="false" multiple="false">
          <valueConstraints/>
        </propertyDefinition>           
        <propertyDefinition name="exo:recurrenceId" requiredType="String" autoCreated="false" mandatory="false"
          onParentVersion="COPY" protected="false" multiple="false">
          <valueConstraints/>
        </propertyDefinition>
        <propertyDefinition name="exo:excludeId" requiredType="String" autoCreated="false" mandatory="false"
          onParentVersion="COPY" protected="false" multiple="true">
          <valueConstraints/>
        </propertyDefinition>   
        <propertyDefinition name="exo:isException" requiredType="Boolean" autoCreated="false" mandatory="false"
          onParentVersion="COPY" protected="false" multiple="false">
          <valueConstraints/>
        </propertyDefinition>
        <propertyDefinition name="exo:originalReference" requiredType="Reference" autoCreated="false" mandatory="false"
          onParentVersion="COPY" protected="false" multiple="false">
          <valueConstraints/>
        </propertyDefinition>   
        <propertyDefinition name="exo:repeatFinishDate" requiredType="Date" autoCreated="false" mandatory="false"
          onParentVersion="COPY" protected="false" multiple="false">
          <valueConstraints/>
        </propertyDefinition>  
      </propertyDefinitions>
    </nodeType>
</nodeTypes>  
  
   
  



  
